<?xml version="1.0" encoding="UTF-8"?>
<testng-results skipped="0" failed="0" ignored="0" total="5" passed="5">
  <reporter-output>
  </reporter-output>
  <suite name="Default suite" duration-ms="15357" started-at="2020-06-25T14:03:36 IST" finished-at="2020-06-25T14:03:51 IST">
    <groups>
    </groups>
    <test name="Default test" duration-ms="15357" started-at="2020-06-25T14:03:36 IST" finished-at="2020-06-25T14:03:51 IST">
      <class name="TC008_DataDrivenTesting_AddNewEmp">
        <test-method status="PASS" signature="addNeEmployee(java.lang.String, java.lang.String, java.lang.String)[pri:0, instance:TC008_DataDrivenTesting_AddNewEmp@17579e0f]" name="addNeEmployee" duration-ms="7033" started-at="2020-06-25T14:03:40 IST" data-provider="empDataProvider" finished-at="2020-06-25T14:03:47 IST">
          <params>
            <param index="0">
              <value>
                <![CDATA[bharajgb]]>
              </value>
            </param>
            <param index="1">
              <value>
                <![CDATA[3213]]>
              </value>
            </param>
            <param index="2">
              <value>
                <![CDATA[1]]>
              </value>
            </param>
          </params>
          <reporter-output>
          </reporter-output>
        </test-method> <!-- addNeEmployee -->
        <test-method status="PASS" signature="addNeEmployee(java.lang.String, java.lang.String, java.lang.String)[pri:0, instance:TC008_DataDrivenTesting_AddNewEmp@17579e0f]" name="addNeEmployee" duration-ms="1018" started-at="2020-06-25T14:03:47 IST" data-provider="empDataProvider" finished-at="2020-06-25T14:03:48 IST">
          <params>
            <param index="0">
              <value>
                <![CDATA[dfsafsd]]>
              </value>
            </param>
            <param index="1">
              <value>
                <![CDATA[1231231]]>
              </value>
            </param>
            <param index="2">
              <value>
                <![CDATA[2]]>
              </value>
            </param>
          </params>
          <reporter-output>
          </reporter-output>
        </test-method> <!-- addNeEmployee -->
        <test-method status="PASS" signature="addNeEmployee(java.lang.String, java.lang.String, java.lang.String)[pri:0, instance:TC008_DataDrivenTesting_AddNewEmp@17579e0f]" name="addNeEmployee" duration-ms="997" started-at="2020-06-25T14:03:48 IST" data-provider="empDataProvider" finished-at="2020-06-25T14:03:49 IST">
          <params>
            <param index="0">
              <value>
                <![CDATA[dsfsdfsrwer]]>
              </value>
            </param>
            <param index="1">
              <value>
                <![CDATA[453453]]>
              </value>
            </param>
            <param index="2">
              <value>
                <![CDATA[3]]>
              </value>
            </param>
          </params>
          <reporter-output>
          </reporter-output>
        </test-method> <!-- addNeEmployee -->
        <test-method status="PASS" signature="addNeEmployee(java.lang.String, java.lang.String, java.lang.String)[pri:0, instance:TC008_DataDrivenTesting_AddNewEmp@17579e0f]" name="addNeEmployee" duration-ms="979" started-at="2020-06-25T14:03:49 IST" data-provider="empDataProvider" finished-at="2020-06-25T14:03:50 IST">
          <params>
            <param index="0">
              <value>
                <![CDATA[werwerdfg]]>
              </value>
            </param>
            <param index="1">
              <value>
                <![CDATA[2423]]>
              </value>
            </param>
            <param index="2">
              <value>
                <![CDATA[4]]>
              </value>
            </param>
          </params>
          <reporter-output>
          </reporter-output>
        </test-method> <!-- addNeEmployee -->
        <test-method status="PASS" signature="addNeEmployee(java.lang.String, java.lang.String, java.lang.String)[pri:0, instance:TC008_DataDrivenTesting_AddNewEmp@17579e0f]" name="addNeEmployee" duration-ms="971" started-at="2020-06-25T14:03:50 IST" data-provider="empDataProvider" finished-at="2020-06-25T14:03:51 IST">
          <params>
            <param index="0">
              <value>
                <![CDATA[dfgdsfgd]]>
              </value>
            </param>
            <param index="1">
              <value>
                <![CDATA[23423]]>
              </value>
            </param>
            <param index="2">
              <value>
                <![CDATA[5]]>
              </value>
            </param>
          </params>
          <reporter-output>
          </reporter-output>
        </test-method> <!-- addNeEmployee -->
      </class> <!-- TC008_DataDrivenTesting_AddNewEmp -->
    </test> <!-- Default test -->
  </suite> <!-- Default suite -->
</testng-results>
